<?xml version="1.0" encoding="UTF-8"?>
<!-- Generated by org.testng.reporters.JUnitXMLReporter -->
<testsuite ignored="0" hostname="Hshraddha" failures="0" tests="3" name="Default test" time="104.516" errors="0" timestamp="2021-06-14T08:28:21 IST">
  <testcase classname="com.cyient.test.CreateAccountTest" name="joinInTest" time="21.142"/>
  <testcase classname="com.cyient.test.CreateAccountTest" name="joinInTest" time="15.089"/>
  <testcase classname="com.cyient.test.CreateAccountTest" name="joinInTest" time="15.191"/>
</testsuite> <!-- Default test -->
